<?xml version="1.0" encoding="UTF-8"?>
<testng-results skipped="0" failed="0" ignored="0" total="1" passed="1">
  <reporter-output>
  </reporter-output>
  <suite name="Default suite" duration-ms="2674" started-at="2019-04-15T11:56:26Z" finished-at="2019-04-15T11:56:29Z">
    <groups>
    </groups>
    <test name="Default test" duration-ms="2674" started-at="2019-04-15T11:56:26Z" finished-at="2019-04-15T11:56:29Z">
      <class name="com.trello.regression.CreateCardTest">
        <test-method status="PASS" signature="createCard()[pri:0, instance:com.trello.regression.CreateCardTest@3632be31]" name="createCard" duration-ms="2645" started-at="2019-04-15T11:56:26Z" finished-at="2019-04-15T11:56:29Z">
          <reporter-output>
          </reporter-output>
        </test-method> <!-- createCard -->
      </class> <!-- com.trello.regression.CreateCardTest -->
    </test> <!-- Default test -->
  </suite> <!-- Default suite -->
</testng-results>
